<?xml version="1.0" encoding="UTF-8"?>
<!-- Generated by org.testng.reporters.JUnitXMLReporter -->
<testsuite ignored="0" hostname="Bharani" failures="1" tests="1" name="EdgeTest" time="18.776" errors="0" timestamp="2025-01-20T20:27:41 MYT">
  <testcase classname="oc.Testcases.TC001_Accountcreationtest" name="TC001_validateaccountcreationtest" time="9.454">
    <failure type="java.lang.AssertionError" message="null">
      <![CDATA[java.lang.AssertionError: null
at oc.Testcases.TC001_Accountcreationtest.TC001_validateaccountcreationtest(TC001_Accountcreationtest.java:39)
at java.base/java.util.ArrayList.forEach(ArrayList.java:1597)
at java.base/java.util.concurrent.FutureTask.run(FutureTask.java:317)
at java.base/java.util.concurrent.ThreadPoolExecutor.runWorker(ThreadPoolExecutor.java:1144)
at java.base/java.util.concurrent.ThreadPoolExecutor$Worker.run(ThreadPoolExecutor.java:642)
at java.base/java.lang.Thread.run(Thread.java:1575)
... Removed 18 stack frames]]>
    </failure>
  </testcase> <!-- TC001_validateaccountcreationtest -->
</testsuite> <!-- EdgeTest -->
